<?xml version="1.0" encoding="UTF-8"?>
<!-- Generated by org.testng.reporters.JUnitXMLReporter -->
<testsuite hostname="DESKTOP-DI5EETG" ignored="0" name="Test" tests="5" failures="0" timestamp="29 May 2018 15:54:42 GMT" time="0.08" errors="0">
  <testcase name="m1" time="0.015" classname="org.hmh.ODMSAutomation.TestCase2"/>
  <testcase name="m2" time="0.001" classname="org.hmh.ODMSAutomation.TestCase2"/>
  <testcase name="m3" time="0.001" classname="org.hmh.ODMSAutomation.TestCase2"/>
  <testcase name="m4" time="0.001" classname="org.hmh.ODMSAutomation.TestCase2"/>
  <testcase name="m5" time="0.001" classname="org.hmh.ODMSAutomation.TestCase2"/>
</testsuite> <!-- Test -->
