<?xml version="1.0" encoding="UTF-8"?>
<testng-results skipped="0" failed="0" ignored="0" total="5" passed="5">
  <reporter-output>
  </reporter-output>
  <suite name="Suite" duration-ms="109" started-at="2018-05-29T15:33:51Z" finished-at="2018-05-29T15:33:51Z">
    <groups>
      <group name="group1">
        <method signature="TestCase1.m1()[pri:0, instance:org.hmh.ODMSAutomation.TestCase1@215be6bb]" name="m1" class="org.hmh.ODMSAutomation.TestCase1"/>
      </group> <!-- group1 -->
    </groups>
    <test name="Test" duration-ms="109" started-at="2018-05-29T15:33:51Z" finished-at="2018-05-29T15:33:51Z">
      <class name="org.hmh.ODMSAutomation.TestCase1">
        <test-method status="PASS" signature="m1()[pri:0, instance:org.hmh.ODMSAutomation.TestCase1@215be6bb]" name="m1" duration-ms="21" started-at="2018-05-29T15:33:51Z" finished-at="2018-05-29T15:33:51Z">
          <reporter-output>
          </reporter-output>
        </test-method> <!-- m1 -->
        <test-method status="PASS" signature="m2()[pri:0, instance:org.hmh.ODMSAutomation.TestCase1@215be6bb]" name="m2" duration-ms="2" started-at="2018-05-29T15:33:51Z" finished-at="2018-05-29T15:33:51Z">
          <reporter-output>
          </reporter-output>
        </test-method> <!-- m2 -->
        <test-method status="PASS" signature="m3()[pri:0, instance:org.hmh.ODMSAutomation.TestCase1@215be6bb]" name="m3" duration-ms="1" started-at="2018-05-29T15:33:51Z" finished-at="2018-05-29T15:33:51Z">
          <reporter-output>
          </reporter-output>
        </test-method> <!-- m3 -->
        <test-method status="PASS" signature="m4()[pri:0, instance:org.hmh.ODMSAutomation.TestCase1@215be6bb]" name="m4" duration-ms="3" started-at="2018-05-29T15:33:51Z" finished-at="2018-05-29T15:33:51Z">
          <reporter-output>
          </reporter-output>
        </test-method> <!-- m4 -->
        <test-method status="PASS" signature="m5()[pri:0, instance:org.hmh.ODMSAutomation.TestCase1@215be6bb]" name="m5" duration-ms="4" started-at="2018-05-29T15:33:51Z" finished-at="2018-05-29T15:33:51Z">
          <reporter-output>
          </reporter-output>
        </test-method> <!-- m5 -->
      </class> <!-- org.hmh.ODMSAutomation.TestCase1 -->
    </test> <!-- Test -->
  </suite> <!-- Suite -->
</testng-results>
