<?xml version="1.0" encoding="UTF-8"?>
<testng-results skipped="0" failed="0" ignored="0" total="5" passed="5">
  <reporter-output>
  </reporter-output>
  <suite name="Suite" duration-ms="80" started-at="2018-05-29T15:54:42Z" finished-at="2018-05-29T15:54:42Z">
    <groups>
    </groups>
    <test name="Test" duration-ms="80" started-at="2018-05-29T15:54:42Z" finished-at="2018-05-29T15:54:42Z">
      <class name="org.hmh.ODMSAutomation.TestCase2">
        <test-method status="PASS" signature="m1()[pri:0, instance:org.hmh.ODMSAutomation.TestCase2@6e8dacdf]" name="m1" duration-ms="15" started-at="2018-05-29T15:54:42Z" finished-at="2018-05-29T15:54:42Z">
          <reporter-output>
          </reporter-output>
        </test-method> <!-- m1 -->
        <test-method status="PASS" signature="m2()[pri:0, instance:org.hmh.ODMSAutomation.TestCase2@6e8dacdf]" name="m2" duration-ms="1" started-at="2018-05-29T15:54:42Z" finished-at="2018-05-29T15:54:42Z">
          <reporter-output>
          </reporter-output>
        </test-method> <!-- m2 -->
        <test-method status="PASS" signature="m3()[pri:0, instance:org.hmh.ODMSAutomation.TestCase2@6e8dacdf]" name="m3" duration-ms="1" started-at="2018-05-29T15:54:42Z" finished-at="2018-05-29T15:54:42Z">
          <reporter-output>
          </reporter-output>
        </test-method> <!-- m3 -->
        <test-method status="PASS" signature="m4()[pri:0, instance:org.hmh.ODMSAutomation.TestCase2@6e8dacdf]" name="m4" duration-ms="1" started-at="2018-05-29T15:54:42Z" finished-at="2018-05-29T15:54:42Z">
          <reporter-output>
          </reporter-output>
        </test-method> <!-- m4 -->
        <test-method status="PASS" signature="m5()[pri:0, instance:org.hmh.ODMSAutomation.TestCase2@6e8dacdf]" name="m5" duration-ms="1" started-at="2018-05-29T15:54:42Z" finished-at="2018-05-29T15:54:42Z">
          <reporter-output>
          </reporter-output>
        </test-method> <!-- m5 -->
      </class> <!-- org.hmh.ODMSAutomation.TestCase2 -->
    </test> <!-- Test -->
  </suite> <!-- Suite -->
</testng-results>
