<?xml version="1.0" encoding="UTF-8"?>
<!-- Generated by org.testng.reporters.JUnitXMLReporter -->
<testsuite hostname="DESKTOP-DI5EETG" ignored="0" name="Test" tests="5" failures="0" timestamp="29 May 2018 15:33:51 GMT" time="0.109" errors="0">
  <testcase name="m1" time="0.021" classname="org.hmh.ODMSAutomation.TestCase1"/>
  <testcase name="m2" time="0.002" classname="org.hmh.ODMSAutomation.TestCase1"/>
  <testcase name="m3" time="0.001" classname="org.hmh.ODMSAutomation.TestCase1"/>
  <testcase name="m4" time="0.003" classname="org.hmh.ODMSAutomation.TestCase1"/>
  <testcase name="m5" time="0.004" classname="org.hmh.ODMSAutomation.TestCase1"/>
</testsuite> <!-- Test -->
